<?xml version="1.0" encoding="UTF-8"?>
<!-- Generated by org.testng.reporters.JUnitReportReporter -->
<testsuite hostname="Addys-PC" failures="0" tests="1" name="tests.TwoTest" time="3.528" errors="0" timestamp="08 Feb 2025 12:24:29 GMT" skipped="0">
  <testcase classname="tests.TwoTest" name="TestTwo" time="3.528"/>
</testsuite> <!-- tests.TwoTest -->
