<?xml version="1.0" encoding="UTF-8"?>
<!-- Generated by org.testng.reporters.JUnitReportReporter -->
<testsuite hostname="Addys-PC" failures="0" tests="2" name="tests.LoginTest" time="20.945" errors="0" timestamp="08 Feb 2025 12:24:29 GMT" skipped="0">
  <testcase classname="tests.LoginTest" name="login" time="3.602"/>
  <testcase classname="tests.LoginTest" name="login" time="17.343"/>
</testsuite> <!-- tests.LoginTest -->
