<?xml version="1.0" encoding="UTF-8"?>
<!-- Generated by org.testng.reporters.JUnitReportReporter -->
<testsuite hostname="Addys-PC" failures="0" tests="1" name="tests.FiveTest" time="0.000" errors="0" timestamp="2025-02-08T13:54:02 IST" skipped="0">
  <testcase classname="tests.FiveTest" name="TestFive" time="0.000"/>
</testsuite> <!-- tests.FiveTest -->
